2025-11-12 14:25:33,159 - qtpyvcp - INFO - Logging to /home/kai/linuxcnc/configs/probe_basic/sim.log
2025-11-12 14:25:33,159 - qtpyvcp - INFO - QtPyVCP Version: 0+unknown
2025-11-12 14:25:33,174 - qtpyvcp - DEBUG - Qt Version: 5.15.8
2025-11-12 14:25:33,174 - qtpyvcp - DEBUG - Qt API: QT_API
2025-11-12 14:25:33,174 - qtpyvcp - DEBUG - QtPy Version: 2.3.0
2025-11-12 14:25:33,174 - qtpyvcp - DEBUG - Command line options:
{
    "command_line_args": null,
    "config_file": "/home/kai/linuxcnc/configs/probe_basic/custom_config.yml",
    "confirm_exit": false,
    "develop": false,
    "fullscreen": null,
    "help": false,
    "hide_cursor": false,
    "hide_menu_bar": false,
    "hide_status_bar": false,
    "info": false,
    "ini": "/home/kai/linuxcnc/configs/probe_basic/probe_basic.ini",
    "log_file": "/home/kai/linuxcnc/configs/probe_basic/sim.log",
    "log_level": "DEBUG",
    "maximize": null,
    "perfmon": false,
    "position": "0x0",
    "qt_api": null,
    "size": null,
    "stylesheet": null,
    "theme": null,
    "version": false
}
2025-11-12 14:25:33,222 - qtpyvcp.utilities.config_loader - DEBUG - Loading config files: ['/home/kai/linuxcnc/configs/probe_basic/custom_config.yml', '/usr/lib/python3/dist-packages/probe_basic/probe_basic.yml', '/usr/lib/python3/dist-packages/qtpyvcp/yaml_lib/default_config.yml']
2025-11-12 14:25:33,437 - qtpyvcp.utilities.config_loader - DEBUG - Merged YAML config:

ini: null
default_menubar:
- title: File
  items:
  - title: '&Open ...'
    action: win.openFile
    shortcut: ctrl+o
  - title: '&Recent Files'
    provider: qtpyvcp.widgets.recent_files_menu:RecentFilesMenu
  - title: '&Reload'
    action: program.reload
  - title: '&Close'
    action: program.clear
  - title: Save &As
    action: null
  - separator
  - title: Edit ToolTable
    action: win.showDialog
    args:
    - tool_edit
  - separator
  - title: Exit
    action: app.exit
    shortcut: ctrl+q
  - title: Shutdown
    action: win.showDialog
    args:
    - shutdown
- title: Machine
  items:
  - title: Toggle E-Stop
    action: machine.estop.toggle
    shortcut: F1
  - title: Toggle Power
    action: machine.power.toggle
    shortcut: F2
  - separator
  - title: Run Program
    action: program.run
    shortcut: R
  - title: Step
    action: program.step
    shortcut: T
  - title: Pause
    action: program.pause
    shortcut: P
  - title: Resume
    action: program.resume
    shortcut: R
  - title: Abort
    action: program.abort
    shortcut: esc
  - title: Optional Stop
    action: program.optional_stop.toggle
  - title: Optional Skip
    action: program.optional_skip.toggle
  - separator
  - title: Homing
    provider: qtpyvcp.widgets.menus.homing_menu:HomingMenu
  - title: Cooling
    items:
    - title: Flood
      action: coolant.flood.toggle
      shortcut: F7
    - title: Mist
      action: coolant.mist.toggle
      shortcut: F8
  - title: Set Work Offsets
    action: win.showDialog
    args:
    - set_work_offsets
  - separator
  - title: Override Limits
    action: machine.override_limits
- title: Settings
  items:
  - title: Show On-screen Keyboard
    action: settings.virtual-input.enable
- title: View
  items:
  - title: Show Gridlines
    action: settings.backplot.show-grid
  - separator
  - title: Show Machine Bounds
    action: settings.backplot.show-machine-bounds
  - title: Show Machine Labels
    action: settings.backplot.show-machine-labels
  - title: Show Machine Ticks
    action: settings.backplot.show-machine-ticks
  - separator
  - title: Show Program Bounds
    action: settings.backplot.show-program-bounds
  - title: Use Colors for Motion type
    action: settings.backplot.multitool-colors
  - separator
  - title: Perspective View
    action: settings.backplot.perspective-view
  - title: View Angle
    action: settings.backplot.view
- title: Tools
  items:
  - title: HAL Meter
    action: tool.halmeter
  - title: HAL Scope
    action: tool.halscope
  - title: HAL Show
    action: tool.halshow
  - title: LCNC Status
    action: tool.status
  - title: Calibration
    action: tool.calibration
  - title: Classicladder PLC
    action: tool.classicladder
  - title: Simulated Probe
    action: tool.simulate_probe
- title: About
  items:
  - title: About QtPyVCP
    action: win.showDialog
    args:
    - about_qtpyvcp
  - title: About Qt
    action: app.aboutQt
vcp:
  name: Probe Basic
  version: v0.0.1
  author: Chris Polanski
  description: Probe Basic description ...
windows:
  mainwindow:
    provider: probe_basic.probe_basic:ProbeBasic
    kwargs:
      menu: &id001
      - title: File
        items:
        - title: '&Open ...'
          action: win.openFile
          shortcut: ctrl+o
        - title: '&Recent Files'
          provider: qtpyvcp.widgets.recent_files_menu:RecentFilesMenu
        - title: '&Reload'
          action: program.reload
        - title: '&Close'
          action: program.clear
        - title: Save &As
          action: null
        - separator
        - title: Exit
          action: app.exit
          shortcut: ctrl+q
      - title: Machine
        items:
        - title: Toggle E-Stop
          action: machine.estop.toggle
          shortcut: F1
        - title: Toggle Power
          action: machine.power.toggle
          shortcut: F2
        - separator
        - title: Run Program
          action: program.run
          shortcut: R
        - title: Step
          action: program.step
          shortcut: T
        - title: Pause
          action: program.pause
          shortcut: P
        - title: Resume
          action: program.resume
          shortcut: R
        - title: Abort
          action: program.abort
          shortcut: esc
        - title: Optional Stop
          action: program.optional_stop.toggle
        - title: Optional Skip
          action: program.optional_skip.toggle
        - separator
        - title: Homing
          provider: qtpyvcp.widgets.menus.homing_menu:HomingMenu
        - title: Cooling
          items:
          - title: Flood
            action: coolant.flood.toggle
            shortcut: F7
          - title: Mist
            action: coolant.mist.toggle
            shortcut: F8
        - title: Set Work Offsets
          action: win.showDialog
          args:
          - set_work_offsets
        - separator
        - title: Override Limits
          action: machine.override_limits
      - title: Settings
        items:
        - title: Show On-screen Keyboard
          action: settings.virtual-input.enable
      - title: View
        items:
        - title: Show Gridlines
          action: settings.backplot.show-grid
        - separator
        - title: Show Machine Bounds
          action: settings.backplot.show-machine-bounds
        - title: Show Machine Labels
          action: settings.backplot.show-machine-labels
        - title: Show Machine Ticks
          action: settings.backplot.show-machine-ticks
        - separator
        - title: Show Program Bounds
          action: settings.backplot.show-program-bounds
        - title: Show Program Labels
          action: settings.backplot.show-program-labels
        - title: Show Program Ticks
          action: settings.backplot.show-program-ticks
        - separator
        - title: Perspective View
          action: settings.backplot.perspective-view
        - title: View Angle
          action: settings.backplot.view
      - title: Tools
        items:
        - title: HAL Meter
          action: tool.halmeter
        - title: HAL Scope
          action: tool.halscope
        - title: HAL Show
          action: tool.halshow
        - title: LCNC Status
          action: tool.status
        - title: Calibration
          action: tool.calibration
        - title: Classicladder PLC
          action: tool.classicladder
      - title: About
        items:
        - title: About Probe Basic
          action: win.showDialog
          args:
          - about_probebasic
        - title: About QtPyVCP
          action: win.showDialog
          args:
          - about_qtpyvcp
        - title: About Qt
          action: app.aboutQt
      fullscreen: true
      ui_file: /usr/lib/python3/dist-packages/probe_basic/probe_basic.ui
      confirm_exit: false
data_plugins:
  status:
    provider: qtpyvcp.plugins.status:Status
    kwargs:
      cycle_time: 75
  persistent_data_manager:
    provider: qtpyvcp.plugins.persistent_data_manager:PersistentDataManager
    kwargs:
      serialization_method: pickle
  settings:
    provider: qtpyvcp.plugins.settings:Settings
  position:
    provider: qtpyvcp.plugins.positions:Position
    kwargs:
      report_actual_pos: true
      use_program_units: true
  tooltable:
    provider: qtpyvcp.plugins.tool_table:ToolTable
    kwargs:
      columns: TZDR
  offsettable:
    provider: qtpyvcp.plugins.offset_table:OffsetTable
    kwargs:
      columns: XYZAR
  notifications:
    provider: qtpyvcp.plugins.notifications:Notifications
    kwargs:
      enabled: true
      mode: native
      max_messages: 5
      persistent: true
  file_locations:
    provider: qtpyvcp.plugins.file_locations:FileLocations
    log_level: debug
    kwargs:
      default_location: NC Files
      local_locations:
        Home: ~/
        Desktop: ~/Desktop
        NC Files: ~/linuxcnc/nc_files
      network_locations: null
  exportedhal:
    provider: qtpyvcp.plugins.exported_hal:ExportedHal
  virtual_input:
    provider: qtpyvcp.plugins.virtual_input_manager:VirtualInputManager
  gcode_properties:
    provider: qtpyvcp.plugins.gcode_properties:GCodeProperties
dialogs:
  open_file:
    provider: qtpyvcp.widgets.dialogs.open_file_dialog:OpenFileDialog
  set_work_offsets:
    provider: qtpyvcp.widgets.dialogs.offsets_dialog:OffsetsDialog
  tool_edit:
    provider: qtpyvcp.widgets.dialogs.tool_edit_dialog:ToolEditDialog
  probe_sim:
    provider: qtpyvcp.widgets.dialogs.probesim_dialog:ProbeSim
  about_qtpyvcp:
    provider: qtpyvcp.widgets.dialogs.about_dialog:AboutDialog
  toolchange:
    provider: qtpyvcp.widgets.dialogs.toolchange_dialog:ToolChangeDialog
    kwargs:
      ui_file: /usr/lib/python3/dist-packages/probe_basic/toolchange_dialog_pb.ui
  shutdown:
    provider: qtpyvcp.widgets.dialogs.shutdown_dialog:ShutDownDialog
  about_probebasic:
    provider: qtpyvcp.widgets.dialogs.about_dialog:AboutDialog
    kwargs:
      ui_file: /usr/lib/python3/dist-packages/probe_basic/about.ui
virtual_input_providers:
  number:
    provider: qtpyvcp.widgets.virtual_input.virtual_input:VirtualInput
    kwargs:
      ui_file: /usr/lib/python3/dist-packages/qtpyvcp/yaml_lib/../widgets/virtual_input/numpad.ui
  text:
    provider: qtpyvcp.widgets.virtual_input.virtual_input:VirtualInput
    kwargs:
      ui_file: /usr/lib/python3/dist-packages/qtpyvcp/yaml_lib/../widgets/virtual_input/keyboard.ui
application:
  provider: qtpyvcp.app.application:VCPApplication
  kwargs:
    stylesheet: /usr/lib/python3/dist-packages/probe_basic/probe_basic.qss
    custom_fonts: /usr/lib/python3/dist-packages/probe_basic/fonts
settings:
  touch-probe.diameter-offset:
    default_value: 0.123123
    persistent: true
    min_value: 0
    max_value: 1
  dro.display-units:
    default_value: 0
    options:
    - Auto
    - Inch
    - Metric
  dro.lathe-radius-mode:
    default_value: 0
    options:
    - Auto
    - Radius
    - Diameter
  dro.inch-format:
    default_value: '%9.4f'
    value_type: str
  dro.millimeter-format:
    default_value: '%9.3f'
    value_type: str
  dro.degree-format:
    default_value: '%9.2f'
  offset_table.min_range:
    default_value: -1000
  offset_table.max_range:
    default_value: 1000
  backplot.show-grid:
    default_value: false
  backplot.show-program-bounds:
    default_value: false
  backplot.show-machine-bounds:
    default_value: false
  backplot.show-machine-labels:
    default_value: false
  backplot.show-machine-ticks:
    default_value: false
  backplot.perspective-view:
    default_value: false
  backplot.view:
    default_value: 4
    options:
    - 'X: Front View'
    - 'Y: Front View'
    - 'Z: Top View'
    - 'Z2: Bottom View'
    - 'P: Isometric'
  backplot.machine-ext-scale:
    default_value: 0.65
  backplot.multitool-colors:
    default_value: true
  probe-parameters.calibration-offset:
    description: Probe trigger point offset.
    default_value: 0.0
    persistent: true
    min_value: 0
    max_value: 1000
  probe-parameters.cal-diameter:
    description: Probe calibration diameter.
    default_value: 0.0
    persistent: true
    min_value: 0
    max_value: 1000
  probe-parameters.x-cal-width:
    description: Probe calibration x width.
    default_value: 0.0
    persistent: true
    min_value: 0
    max_value: 1000
  probe-parameters.y-cal-width:
    description: Probe calibration y width.
    default_value: 0.0
    persistent: true
    min_value: 0
    max_value: 1000
  probe-parameters.probe-parameters.sq-cal-axis:
    description: Probe calibrate square axis.
    default_value: 0.0
    persistent: true
    min_value: 0
    max_value: 2
  probe-parameters.probe-tool-number:
    description: probe tool number.
    default_value: 0.0
    persistent: true
    min_value: 0
    max_value: 9999
  probe-parameters.step-off-width:
    description: probe step off width.
    default_value: 0.0
    persistent: true
    min_value: 0
    max_value: 10000
  probe-parameters.probe-fast-fr:
    description: probe fast feedrate.
    default_value: 0.0
    persistent: true
    min_value: 0
    max_value: 10000
  probe-parameters.probe-slow-fr:
    description: probe slow feedrate.
    default_value: 0.0
    persistent: true
    min_value: 0
    max_value: 10000
  probe-parameters.probe-traverse-fr:
    description: probe traverse feedrate.
    default_value: 0.0
    persistent: true
    min_value: 0
    max_value: 100000
  probe-parameters.max-xy-distance:
    description: max x and y probe travel distance.
    default_value: 0.0
    persistent: true
    min_value: 0
    max_value: 10000
  probe-parameters.xy-clearance:
    description: x and y clearance distance.
    default_value: 0.0
    persistent: true
    min_value: 0
    max_value: 10000
  probe-parameters.max-z-distance:
    description: max z probe travel distance.
    default_value: 0.0
    persistent: true
    min_value: 0
    max_value: 10000
  probe-parameters.z-clearance:
    description: z clearance distance.
    default_value: 0.0
    persistent: true
    min_value: 0
    max_value: 10000
  probe-parameters.extra-probe-depth:
    description: extra probe depth.
    default_value: 0.0
    persistent: true
    min_value: -10000
    max_value: 10000
  probe-parameters.edge-width:
    description: edge width probing distance.
    default_value: 0.0
    persistent: true
    min_value: 0
    max_value: 10000
  probe-parameters.diameter-hint:
    description: boss and pocket diameter hint.
    default_value: 0.0
    persistent: true
    min_value: 0
    max_value: 10000
  probe-parameters.x-hint-boss-pocket:
    description: boss and pocket x hint.
    default_value: 0.0
    persistent: true
    min_value: 0
    max_value: 10000
  probe-parameters.y-hint-boss-pocket:
    description: boss and pocket y hint.
    default_value: 0.0
    persistent: true
    min_value: 0
    max_value: 10000
  probe-parameters.x-hint-ridge-valley:
    description: ridge and valley x hint.
    default_value: 0.0
    persistent: true
    min_value: 0
    max_value: 10000
  probe-parameters.y-hint-ridge-valley:
    description: ridge and valley y hint.
    default_value: 0.0
    persistent: true
    min_value: 0
    max_value: 10000
  probe-parameters.probe-posn-btn:
    description: probe pos'n mode button.
    persistent: true
  probe-parameters.rotation-wco-btn:
    description: set wco rotation mode.
    persistent: true
  probe-parameters.cal-xy-btn:
    description: calibrate probe with x and y error.
    persistent: true
  probe-parameters.cal-x-btn:
    description: calibrate probe on x error only.
    persistent: true
  probe-parameters.cal-y-btn:
    description: calibrate probe on y error only.
    persistent: true
  spindle-rpm-display.calculated-rpm:
    description: display calculated rpm on main page.
    persistent: true
  spindle-rpm-display.encoder-feedback-rpm:
    description: display encoder feedback rpm on main page.
    persistent: true
  tool-change-position.x-tool-change-position:
    description: x axis tool change position.
    default_value: 0.0
    persistent: true
    min_value: -10000
    max_value: 10000
  tool-change-position.y-tool-change-position:
    description: y axis tool change position.
    default_value: 0.0
    persistent: true
    min_value: -10000
    max_value: 10000
  tool-change-position.z-tool-change-position:
    description: z axis tool change position.
    default_value: 0.0
    persistent: true
    min_value: -10000
    max_value: 10000
  tool-setter-probe.fast-probe-fr:
    description: tool probe fast feedrate.
    default_value: 0.0
    persistent: true
    min_value: -10000
    max_value: 10000
  tool-setter-probe.slow-probe-fr:
    description: tool probe slow feedrate.
    default_value: 0.0
    persistent: true
    min_value: -10000
    max_value: 10000
  tool-setter-probe.traverse-fr:
    description: tool probe traverse feedrate.
    default_value: 0.0
    persistent: true
    min_value: -10000
    max_value: 10000
  tool-setter-probe.z-max-travel:
    description: maximumm z travel while probing before erroring out.
    default_value: 0.0
    persistent: true
    min_value: -10000
    max_value: 10000
  tool-setter-probe.xy-max-travel:
    description: maximumm xy travel while probing before erroring out.
    default_value: 0.0
    persistent: true
    min_value: -10000
    max_value: 10000
  tool-setter-probe.retract-distance:
    description: distance tool retracts after fast probe move.
    default_value: 0.0
    persistent: true
    min_value: -10000
    max_value: 10000
  tool-setter-probe.spindle-nose-height:
    description: distance from home to tool setter for the spindle nose.
    default_value: 0.0
    persistent: true
    min_value: -10000
    max_value: 10000
  tool-setter-probe.diameter-offset:
    description: probes tool offset by diameter.
    persistent: true
  tool-setter-probe.tool-diam-offset-setting:
    description: activation setting for probing using tool diameter offset.
    default_value: 0.0
    persistent: true
    min_value: 0
    max_value: 1
  tool-setter-probe.diameter-probe:
    description: probes tool diameter.
    persistent: true
  tool-setter-probe.tool-diam-probing:
    description: activation setting for probing using tool diameter probing.
    default_value: 0.0
    persistent: true
    min_value: 0
    max_value: 1
  tool-setter-probe.breakage-tolerance:
    description: tool breakage tolerance check.
    default_value: 0.0
    persistent: true
    min_value: -10000
    max_value: 10000
  tool-setter-probe.user-setter-1:
    description: user 1 parameter entry.
    default_value: 0.0
    persistent: true
    min_value: -10000
    max_value: 10000
  tool-setter-probe.user-setter-2:
    description: user 2 parameter entry.
    default_value: 0.0
    persistent: true
    min_value: -10000
    max_value: 10000
  tool-setter-probe.setter-offset-direction-left:
    description: probe tool diameter to offset direction left.
    persistent: true
  tool-setter-probe.setter-offset-direction-right:
    description: probe tool diameter to offset direction right.
    persistent: true
  tool-setter-probe.setter-offset-direction-front:
    description: probe tool diameter to offset direction front.
    persistent: true
  tool-setter-probe.setter-offset-direction-back:
    description: probe tool diameter to offset direction back.
    persistent: true
  programmable-coolant.activation:
    description: activation setting for programmable coolant.
    default_value: 0.0
    persistent: true
    min_value: 0
    max_value: 1
  programmable-coolant.horizontal-distance:
    description: horizontal distance setting for programmable coolant.
    default_value: 0.0
    persistent: true
    min_value: -10000
    max_value: 10000
  programmable-coolant.vertical-distance:
    description: vertical distance setting for programmable coolant.
    default_value: 0.0
    persistent: true
    min_value: -10000
    max_value: 10000
  programmable-coolant.nozzle-offset:
    description: nozzle offset setting for programmable coolant.
    default_value: 0.0
    persistent: true
    min_value: -10000
    max_value: 10000
  rack-atc-setup.rack-id:
    description: rack atc.
    default_value: 0.0
    persistent: true
    min_value: 0
    max_value: 8
  rack-atc-setup.pocket-count:
    description: rack atc.
    default_value: 0.0
    persistent: true
    min_value: 0
    max_value: 24
  rack-atc-setup.z-load-height:
    description: rack atc.
    default_value: 0.0
    persistent: true
    min_value: -10000
    max_value: 10000
  rack-atc-setup.rack-traverse-speed:
    description: rack atc.
    default_value: 0.0
    persistent: true
    min_value: -10000
    max_value: 10000
  rack-atc-setup.safe-z-height:
    description: rack atc.
    default_value: 0.0
    persistent: true
    min_value: -10000
    max_value: 10000
  rack-atc-setup.pocket-1-x:
    description: rack atc.
    default_value: 0.0
    persistent: true
    min_value: -10000
    max_value: 10000
  rack-atc-setup.pocket-1-y:
    description: rack atc.
    default_value: 0.0
    persistent: true
    min_value: -10000
    max_value: 10000
  rack-atc-setup.pocket-2-x:
    description: rack atc.
    default_value: 0.0
    persistent: true
    min_value: -10000
    max_value: 10000
  rack-atc-setup.pocket-2-y:
    description: rack atc.
    default_value: 0.0
    persistent: true
    min_value: -10000
    max_value: 10000
  rack-atc-setup.pocket-1-x-clearance:
    description: rack atc.
    default_value: 0.0
    persistent: true
    min_value: -10000
    max_value: 10000
  rack-atc-setup.pocket-1-y-clearance:
    description: rack atc.
    default_value: 0.0
    persistent: true
    min_value: -10000
    max_value: 10000
  rack-atc-setup.user-1-param:
    description: rack atc.
    default_value: 0.0
    persistent: true
    min_value: -10000
    max_value: 10000
  rack-atc-setup.user-2-param:
    description: rack atc.
    default_value: 0.0
    persistent: true
    min_value: -10000
    max_value: 10000
  rack-atc-setup.user-3-param:
    description: rack atc.
    default_value: 0.0
    persistent: true
    min_value: -10000
    max_value: 10000
  rack-atc-setup.user-4-param:
    description: rack atc.
    default_value: 0.0
    persistent: true
    min_value: -10000
    max_value: 10000
  rack-atc-setup.user-5-param:
    description: rack atc.
    default_value: 0.0
    persistent: true
    min_value: -10000
    max_value: 10000
  startup-settings.user-startup-tab:
    description: startup tab preference setting.
    default_value: STATUS
    persistent: true
    options:
    - MAIN
    - FILE
    - ATC
    - TOOL
    - OFFSETS
    - PROBING
    - CONVERSATIONAL
    - SETTINGS
    - STATUS
    - USER
  startup-settings.usb-hide-show:
    description: hide or show usb file manager
    persistent: true
  backplot.show-program-labels:
    default_value: false
  backplot.show-program-ticks:
    default_value: false
  rack-atc-setup.user-param-1:
    description: user param label name
    default_value: user param 1
    persistent: true
  rack-atc-setup.user-param-2:
    description: user param label name
    default_value: user param 2
    persistent: true
  rack-atc-setup.user-param-3:
    description: user param label name
    default_value: user param 3
    persistent: true
  rack-atc-setup.user-param-4:
    description: user param label name
    default_value: user param 4
    persistent: true
  rack-atc-setup.user-param-5:
    description: user param label name
    default_value: user param 5
    persistent: true
  tool-setter-probe.user-param-name-1:
    description: tool setter user param 1
    default_value: user param 1
    persistent: true
  tool-setter-probe.user-param-name-2:
    description: tool setter user param 2
    default_value: user param 2
    persistent: true
menubar: *id001
qtdesigner:
  ui_file: /usr/lib/python3/dist-packages/probe_basic/probe_basic.ui
  qss_file: /usr/lib/python3/dist-packages/probe_basic/probe_basic.qss


2025-11-12 14:25:33,661 - qtpyvcp.utilities.info - INFO - The machine has 4 axes and 4 joints
2025-11-12 14:25:33,661 - qtpyvcp.utilities.info - INFO - The Axis/Joint mapping is:
2025-11-12 14:25:33,662 - qtpyvcp.utilities.info - INFO - Axis X --> Joint 0
2025-11-12 14:25:33,662 - qtpyvcp.utilities.info - INFO - Axis Y --> Joint 1
2025-11-12 14:25:33,662 - qtpyvcp.utilities.info - INFO - Axis Z --> Joint 2
2025-11-12 14:25:33,662 - qtpyvcp.utilities.info - INFO - Axis A --> Joint 3
2025-11-12 14:25:33,662 - qtpyvcp.app.launcher - DEBUG - Time: 0.000 (+0.000) - in script
2025-11-12 14:25:33,662 - qtpyvcp.app.launcher - DEBUG - Loading data plugings
2025-11-12 14:25:33,662 - qtpyvcp.plugins - DEBUG - Loading plugin 'status' from 'qtpyvcp.plugins.status:Status'
2025-11-12 14:25:33,664 - qtpyvcp.plugins.status - DEBUG - ---------set mdi_history: None, []
2025-11-12 14:25:33,667 - qtpyvcp.plugins - DEBUG - Loading plugin 'persistent_data_manager' from 'qtpyvcp.plugins.persistent_data_manager:PersistentDataManager'
2025-11-12 14:25:33,667 - qtpyvcp.plugins - DEBUG - Loading plugin 'settings' from 'qtpyvcp.plugins.settings:Settings'
2025-11-12 14:25:33,668 - qtpyvcp.plugins - DEBUG - Loading plugin 'position' from 'qtpyvcp.plugins.positions:Position'
2025-11-12 14:25:33,669 - qtpyvcp.plugins - DEBUG - Loading plugin 'tooltable' from 'qtpyvcp.plugins.tool_table:ToolTable'
2025-11-12 14:25:33,671 - qtpyvcp.utilities.info - WARNING - No [DISPLAY] DEFAULT_SPINDLE_SPEED entry found in INI, using 300rpm
2025-11-12 14:25:33,673 - qtpyvcp.plugins - DEBUG - Loading plugin 'offsettable' from 'qtpyvcp.plugins.offset_table:OffsetTable'
2025-11-12 14:25:33,674 - qtpyvcp.plugins - DEBUG - Loading plugin 'notifications' from 'qtpyvcp.plugins.notifications:Notifications'
2025-11-12 14:25:33,687 - qtpyvcp.plugins - DEBUG - Loading plugin 'file_locations' from 'qtpyvcp.plugins.file_locations:FileLocations'
2025-11-12 14:25:33,702 - qtpyvcp.plugins - DEBUG - Loading plugin 'exportedhal' from 'qtpyvcp.plugins.exported_hal:ExportedHal'
2025-11-12 14:25:33,702 - qtpyvcp.plugins - DEBUG - Loading plugin 'virtual_input' from 'qtpyvcp.plugins.virtual_input_manager:VirtualInputManager'
2025-11-12 14:25:33,703 - qtpyvcp.plugins - DEBUG - Loading plugin 'gcode_properties' from 'qtpyvcp.plugins.gcode_properties:GCodeProperties'
2025-11-12 14:25:34,458 - qtpyvcp.app.launcher - DEBUG - Time: 0.796 (+0.796) - done loading data plugins
2025-11-12 14:25:34,458 - qtpyvcp.app.launcher - DEBUG - Initializing app
2025-11-12 14:25:34,508 - qtpyvcp.plugins - DEBUG - Initializing 'status' plugin
2025-11-12 14:25:34,508 - qtpyvcp.plugins.status - DEBUG - Starting periodic updates with 75ms cycle time
2025-11-12 14:25:34,508 - qtpyvcp.plugins - DEBUG - Initializing 'persistent_data_manager' plugin
2025-11-12 14:25:34,508 - qtpyvcp.plugins - DEBUG - Initializing 'settings' plugin
2025-11-12 14:25:34,508 - qtpyvcp.plugins - DEBUG - Initializing 'position' plugin
2025-11-12 14:25:34,509 - qtpyvcp.plugins - DEBUG - Initializing 'tooltable' plugin
2025-11-12 14:25:34,509 - qtpyvcp.plugins - DEBUG - Initializing 'offsettable' plugin
2025-11-12 14:25:34,509 - qtpyvcp.plugins - DEBUG - Initializing 'notifications' plugin
2025-11-12 14:25:34,509 - qtpyvcp.plugins - DEBUG - Initializing 'file_locations' plugin
2025-11-12 14:25:34,514 - qtpyvcp.plugins - DEBUG - Initializing 'exportedhal' plugin
2025-11-12 14:25:34,514 - qtpyvcp.plugins.exported_hal - DEBUG - Initalizing framework exposed HAL pins
2025-11-12 14:25:34,514 - qtpyvcp.hal.hal_qlib - DEBUG - Adding HAL pin: qtpyvcp.feed-override.reset (<class 'type'> in)
2025-11-12 14:25:34,514 - qtpyvcp.hal.hal_qlib - DEBUG - Adding HAL pin: qtpyvcp.rapid-override.reset (<class 'type'> in)
2025-11-12 14:25:34,514 - qtpyvcp.hal.hal_qlib - DEBUG - Adding HAL pin: qtpyvcp.spindle-override.reset (<class 'type'> in)
2025-11-12 14:25:34,514 - qtpyvcp.plugins - DEBUG - Initializing 'virtual_input' plugin
2025-11-12 14:25:34,533 - qtpyvcp.plugins - DEBUG - Initializing 'gcode_properties' plugin
2025-11-12 14:25:34,533 - qtpyvcp - INFO - Loading global stylesheet: /usr/lib/python3/dist-packages/probe_basic/probe_basic.qss
2025-11-12 14:25:34,536 - qtpyvcp - DEBUG - Loading custom font: /usr/lib/python3/dist-packages/probe_basic/fonts/BebasKai.ttf
2025-11-12 14:25:34,545 - qtpyvcp.app.launcher - DEBUG - Time: 0.883 (+0.087) - done initializing app
2025-11-12 14:25:34,545 - qtpyvcp.app.launcher - DEBUG - Loading dialogs
2025-11-12 14:25:34,686 - qtpyvcp.utilities.info - WARNING - Path '/home/kai/linuxcnc/nc_files' given in [DISPLAY] PROGRAM_PREFIX does not exist, trying '~/linuxcnc/nc_files'
2025-11-12 14:25:34,686 - qtpyvcp.utilities.info - WARNING - Default path '~/linuxcnc/nc_files' does not exist, using '~/' as path
2025-11-12 14:25:34,745 - qtpyvcp.hal - INFO - Creating new HAL component: qtpyvcp_manualtoolchange
2025-11-12 14:25:34,745 - qtpyvcp.hal.hal_qlib - DEBUG - Adding HAL pin: qtpyvcp_manualtoolchange.number (<class 'type'> in)
2025-11-12 14:25:34,745 - qtpyvcp.hal.hal_qlib - DEBUG - Adding HAL pin: qtpyvcp_manualtoolchange.change (<class 'type'> in)
2025-11-12 14:25:34,745 - qtpyvcp.hal.hal_qlib - DEBUG - Adding HAL pin: qtpyvcp_manualtoolchange.changed (<class 'type'> out)
2025-11-12 14:25:34,745 - qtpyvcp.hal.hal_qlib - DEBUG - Adding HAL pin: qtpyvcp_manualtoolchange.change_button (<class 'type'> in)
2025-11-12 14:25:34,750 - qtpyvcp.app.launcher - DEBUG - Time: 1.088 (+0.206) - done loading dialogs
2025-11-12 14:25:34,750 - qtpyvcp.app.launcher - DEBUG - Loading windows
2025-11-12 14:25:35,022 - qtpyvcp.widgets.display_widgets.vtk_backplot.vtk_backplot - DEBUG - @@@@@@@@@@@@@@@@@@@@@@@@@@@@@@@@@@@@@@@@@@@
2025-11-12 14:25:35,022 - qtpyvcp.widgets.display_widgets.vtk_backplot.vtk_backplot - DEBUG - @@@@@@@@@@  VTKBackPlot __init__  @@@@@@@@@
2025-11-12 14:25:35,022 - qtpyvcp.widgets.display_widgets.vtk_backplot.vtk_backplot - DEBUG - @@@@@@@@@@@@@@@@@@@@@@@@@@@@@@@@@@@@@@@@@@@
2025-11-12 14:25:35,022 - qtpyvcp.widgets.display_widgets.vtk_backplot.linuxcnc_datasource - DEBUG - FPS = 30
2025-11-12 14:25:35,022 - qtpyvcp.widgets.display_widgets.vtk_backplot.vtk_backplot - DEBUG - ---------active_wcs_index 0
2025-11-12 14:25:35,022 - qtpyvcp.widgets.display_widgets.vtk_backplot.vtk_backplot - DEBUG - ---------active_wcs_offset (0.0, 0.0, 0.0, 0.0, 0.0, 0.0, 0.0, 0.0, 0.0)
2025-11-12 14:25:35,022 - qtpyvcp.widgets.display_widgets.vtk_backplot.vtk_backplot - DEBUG - ---------wcs_offsets {0: [0.0, 0.0, 0.0, 0.0, 0.0], 1: [0.0, 0.0, 0.0, 0.0, 0.0], 2: [0.0, 0.0, 0.0, 0.0, 0.0], 3: [0.0, 0.0, 0.0, 0.0, 0.0], 4: [0.0, 0.0, 0.0, 0.0, 0.0], 5: [0.0, 0.0, 0.0, 0.0, 0.0], 6: [0.0, 0.0, 0.0, 0.0, 0.0], 7: [0.0, 0.0, 0.0, 0.0, 0.0], 8: [0.0, 0.0, 0.0, 0.0, 0.0]}
2025-11-12 14:25:35,037 - qtpyvcp.widgets.display_widgets.vtk_backplot.vtk_backplot - DEBUG - ---------translate: (0.0, 0.0, 0.0)
2025-11-12 14:25:35,037 - qtpyvcp.widgets.display_widgets.vtk_backplot.vtk_backplot - DEBUG - ---------active_wcs_offset: (0.0, 0.0, 0.0, 0.0, 0.0, 0.0, 0.0, 0.0, 0.0)
2025-11-12 14:25:35,038 - qtpyvcp.widgets.display_widgets.vtk_backplot.vtk_backplot - DEBUG - show grid
2025-11-12 14:25:35,101 - qtpyvcp.widgets.display_widgets.vtk_backplot.vtk_backplot - DEBUG - Setting view to: P
2025-11-12 14:25:35,103 - qtpyvcp.widgets.display_widgets.vtk_backplot.vtk_canon - DEBUG - VTKCanon --- Init ---
2025-11-12 14:25:35,103 - qtpyvcp.widgets.display_widgets.vtk_backplot.linuxcnc_datasource - DEBUG - FPS = 30
2025-11-12 14:25:35,103 - qtpyvcp.widgets.display_widgets.vtk_backplot.vtk_canon - DEBUG -  G5x offsets = (0.0, 0.0, 0.0, 0.0, 0.0, 0.0, 0.0, 0.0, 0.0)
2025-11-12 14:25:35,104 - qtpyvcp.widgets.display_widgets.vtk_backplot.vtk_canon - DEBUG - XY Rotation = 0.0
2025-11-12 14:25:35,104 - qtpyvcp.widgets.display_widgets.vtk_backplot.vtk_canon - DEBUG - VTKCanon --- Init Done ---
2025-11-12 14:25:35,104 - qtpyvcp.widgets.display_widgets.vtk_backplot.vtk_backplot - DEBUG - Setting view to: P
2025-11-12 14:25:35,147 - qtpyvcp.widgets.display_widgets.vtk_backplot.vtk_backplot - DEBUG - @@@@@@@@@@@@@@@@@@@@@@@@@@@@@@@@@@@
2025-11-12 14:25:35,147 - qtpyvcp.widgets.display_widgets.vtk_backplot.vtk_backplot - DEBUG - @@@@@@@@@@  __init__  END @@@@@@@@@
2025-11-12 14:25:35,147 - qtpyvcp.widgets.display_widgets.vtk_backplot.vtk_backplot - DEBUG - @@@@@@@@@@@@@@@@@@@@@@@@@@@@@@@@@@@
2025-11-12 14:25:35,262 - qtpyvcp.utilities.info - WARNING - Path '/home/kai/linuxcnc/nc_files' given in [DISPLAY] PROGRAM_PREFIX does not exist, trying '~/linuxcnc/nc_files'
2025-11-12 14:25:35,262 - qtpyvcp.utilities.info - WARNING - Default path '~/linuxcnc/nc_files' does not exist, using '~/' as path
2025-11-12 14:25:35,264 - qtpyvcp.utilities.info - WARNING - Path '/home/kai/linuxcnc/nc_files' given in [DISPLAY] PROGRAM_PREFIX does not exist, trying '~/linuxcnc/nc_files'
2025-11-12 14:25:35,264 - qtpyvcp.utilities.info - WARNING - Default path '~/linuxcnc/nc_files' does not exist, using '~/' as path
2025-11-12 14:25:35,282 - qtpyvcp.utilities.info - WARNING - Path '/home/kai/linuxcnc/nc_files' given in [DISPLAY] PROGRAM_PREFIX does not exist, trying '~/linuxcnc/nc_files'
2025-11-12 14:25:35,283 - qtpyvcp.utilities.info - WARNING - Default path '~/linuxcnc/nc_files' does not exist, using '~/' as path
2025-11-12 14:25:35,357 - qtpyvcp.utilities.info - WARNING - Path '/home/kai/linuxcnc/nc_files' given in [DISPLAY] PROGRAM_PREFIX does not exist, trying '~/linuxcnc/nc_files'
2025-11-12 14:25:35,357 - qtpyvcp.utilities.info - WARNING - Default path '~/linuxcnc/nc_files' does not exist, using '~/' as path
2025-11-12 14:25:36,471 - qtpyvcp.widgets.display_widgets.vtk_backplot.vtk_backplot - DEBUG - -----setViewMachine
2025-11-12 14:25:36,471 - qtpyvcp.widgets.display_widgets.vtk_backplot.vtk_backplot - DEBUG - -----machine_bounds: (-0.01, 300.0, -0.01, 300.0, -0.01, 300.0)
2025-11-12 14:25:36,471 - qtpyvcp.widgets.display_widgets.vtk_backplot.vtk_backplot - DEBUG - -----machine_center: (149.995, 149.995, 149.995)
2025-11-12 14:25:36,471 - qtpyvcp.widgets.display_widgets.vtk_backplot.vtk_backplot - DEBUG - -----x_dist: 300.01
2025-11-12 14:25:36,471 - qtpyvcp.widgets.display_widgets.vtk_backplot.vtk_backplot - DEBUG - -----y_dist: 300.01
2025-11-12 14:25:36,471 - qtpyvcp.widgets.display_widgets.vtk_backplot.vtk_backplot - DEBUG - -----z_dist: 300.01
2025-11-12 14:25:36,517 - qtpyvcp.plugins - DEBUG - Post GUI Initializing 'status' plugin
2025-11-12 14:25:36,517 - qtpyvcp.plugins - DEBUG - Post GUI Initializing 'persistent_data_manager' plugin
2025-11-12 14:25:36,517 - qtpyvcp.plugins - DEBUG - Post GUI Initializing 'settings' plugin
2025-11-12 14:25:36,517 - qtpyvcp.plugins - DEBUG - Post GUI Initializing 'position' plugin
2025-11-12 14:25:36,517 - qtpyvcp.plugins - DEBUG - Post GUI Initializing 'tooltable' plugin
2025-11-12 14:25:36,517 - qtpyvcp.plugins - DEBUG - Post GUI Initializing 'offsettable' plugin
2025-11-12 14:25:36,517 - qtpyvcp.plugins - DEBUG - Post GUI Initializing 'notifications' plugin
2025-11-12 14:25:36,517 - qtpyvcp.plugins - DEBUG - Post GUI Initializing 'file_locations' plugin
2025-11-12 14:25:36,517 - qtpyvcp.plugins - DEBUG - Post GUI Initializing 'exportedhal' plugin
2025-11-12 14:25:36,517 - qtpyvcp.plugins - DEBUG - Post GUI Initializing 'virtual_input' plugin
2025-11-12 14:25:36,517 - qtpyvcp.plugins - DEBUG - Post GUI Initializing 'gcode_properties' plugin
2025-11-12 14:25:36,591 - qtpyvcp.app.launcher - DEBUG - Time: 2.929 (+1.841) - done loading windows
2025-11-12 14:25:36,591 - qtpyvcp.app.launcher - DEBUG - Initializing widgets
2025-11-12 14:25:36,595 - qtpyvcp.hal - DEBUG - Using existing HAL component: qtpyvcp
2025-11-12 14:25:36,595 - qtpyvcp.hal.hal_qlib - DEBUG - Adding HAL pin: qtpyvcp.timerseconds.enable (<class 'type'> in)
2025-11-12 14:25:36,595 - qtpyvcp.hal.hal_qlib - DEBUG - Adding HAL pin: qtpyvcp.timerseconds.in (<class 'type'> in)
2025-11-12 14:25:36,595 - qtpyvcp.hal - DEBUG - Using existing HAL component: qtpyvcp
2025-11-12 14:25:36,595 - qtpyvcp.hal.hal_qlib - DEBUG - Adding HAL pin: qtpyvcp.spindle-load-indicator.in-f (<class 'type'> in)
2025-11-12 14:25:36,595 - qtpyvcp.hal.hal_qlib - DEBUG - Adding HAL pin: qtpyvcp.spindle-load-indicator.in-i (<class 'type'> in)
2025-11-12 14:25:36,595 - qtpyvcp.hal.hal_qlib - DEBUG - Adding HAL pin: qtpyvcp.spindle-load-indicator.min-val (<class 'type'> in)
2025-11-12 14:25:36,595 - qtpyvcp.hal.hal_qlib - DEBUG - Adding HAL pin: qtpyvcp.spindle-load-indicator.max-val (<class 'type'> in)
2025-11-12 14:25:36,598 - qtpyvcp.hal - DEBUG - Using existing HAL component: qtpyvcp
2025-11-12 14:25:36,598 - qtpyvcp.hal.hal_qlib - DEBUG - Adding HAL pin: qtpyvcp.probe-led.on (<class 'type'> in)
2025-11-12 14:25:36,598 - qtpyvcp.hal.hal_qlib - DEBUG - Adding HAL pin: qtpyvcp.probe-led.flash (<class 'type'> in)
2025-11-12 14:25:36,598 - qtpyvcp.hal.hal_qlib - DEBUG - Adding HAL pin: qtpyvcp.probe-led.flash-rate (<class 'type'> in)
2025-11-12 14:25:36,598 - qtpyvcp.hal - DEBUG - Using existing HAL component: qtpyvcp
2025-11-12 14:25:36,598 - qtpyvcp.hal.hal_qlib - DEBUG - Adding HAL pin: qtpyvcp.timerhours.enable (<class 'type'> in)
2025-11-12 14:25:36,599 - qtpyvcp.hal.hal_qlib - DEBUG - Adding HAL pin: qtpyvcp.timerhours.in (<class 'type'> in)
2025-11-12 14:25:36,599 - qtpyvcp.hal - DEBUG - Using existing HAL component: qtpyvcp
2025-11-12 14:25:36,599 - qtpyvcp.hal.hal_qlib - DEBUG - Adding HAL pin: qtpyvcp.probe-in.enable (<class 'type'> in)
2025-11-12 14:25:36,599 - qtpyvcp.hal.hal_qlib - DEBUG - Adding HAL pin: qtpyvcp.probe-in.out (<class 'type'> out)
2025-11-12 14:25:36,599 - qtpyvcp.hal.hal_qlib - DEBUG - Adding HAL pin: qtpyvcp.probe-in.io (<class 'type'> io)
2025-11-12 14:25:36,601 - qtpyvcp.hal - DEBUG - Using existing HAL component: qtpyvcp
2025-11-12 14:25:36,601 - qtpyvcp.hal.hal_qlib - DEBUG - Adding HAL pin: qtpyvcp.timerminutes.enable (<class 'type'> in)
2025-11-12 14:25:36,601 - qtpyvcp.hal.hal_qlib - DEBUG - Adding HAL pin: qtpyvcp.timerminutes.in (<class 'type'> in)
2025-11-12 14:25:36,602 - qtpyvcp.hal - DEBUG - Using existing HAL component: qtpyvcp
2025-11-12 14:25:36,602 - qtpyvcp.hal.hal_qlib - DEBUG - Adding HAL pin: qtpyvcp.spindle-encoder-rpm.enable (<class 'type'> in)
2025-11-12 14:25:36,602 - qtpyvcp.hal.hal_qlib - DEBUG - Adding HAL pin: qtpyvcp.spindle-encoder-rpm.in (<class 'type'> in)
2025-11-12 14:25:36,603 - qtpyvcp.app.launcher - DEBUG - Time: 2.941 (+0.012) - done initializing widgets
2025-11-12 14:25:36,610 - qtpyvcp.app.launcher - INFO - Loading POSTGUI_HALFILE: /home/kai/linuxcnc/configs/probe_basic/hallib/probe_basic_postgui.hal
2025-11-12 14:25:36,713 - qtpyvcp.plugins.status - DEBUG - JOINT_0 output: -0.00049591064453125
2025-11-12 14:25:36,714 - qtpyvcp.plugins.status - DEBUG - JOINT_0 input: -0.00049591064453125
2025-11-12 14:25:36,814 - qtpyvcp.plugins.status - DEBUG - JOINT_0 ferror_current: 7.62939453125e-05
2025-11-12 14:25:36,862 - qtpyvcp.plugins.status - DEBUG - JOINT_0 input: -0.000457763671875
2025-11-12 14:25:36,863 - qtpyvcp.plugins.status - DEBUG - JOINT_0 output: -0.000457763671875
2025-11-12 14:25:36,863 - qtpyvcp.plugins.status - DEBUG - JOINT_0 ferror_current: 3.814697265625e-05
2025-11-12 14:25:36,937 - qtpyvcp.plugins.status - DEBUG - JOINT_0 output: -0.00049591064453125
2025-11-12 14:25:36,937 - qtpyvcp.plugins.status - DEBUG - JOINT_0 input: -0.00049591064453125
2025-11-12 14:25:37,011 - qtpyvcp.plugins.status - DEBUG - JOINT_0 output: -0.000457763671875
2025-11-12 14:25:37,012 - qtpyvcp.plugins.status - DEBUG - JOINT_0 input: -0.000457763671875
2025-11-12 14:25:37,087 - qtpyvcp.plugins.status - DEBUG - JOINT_0 input: -0.00049591064453125
2025-11-12 14:25:37,087 - qtpyvcp.plugins.status - DEBUG - JOINT_0 output: -0.00049591064453125
2025-11-12 14:25:37,088 - qtpyvcp.plugins.status - DEBUG - JOINT_0 ferror_current: 7.62939453125e-05
2025-11-12 14:25:37,162 - qtpyvcp.plugins.status - DEBUG - JOINT_0 input: -0.0003814697265625
2025-11-12 14:25:37,162 - qtpyvcp.plugins.status - DEBUG - JOINT_0 output: -0.0003814697265625
2025-11-12 14:25:37,162 - qtpyvcp.plugins.status - DEBUG - JOINT_0 ferror_current: 0.0
2025-11-12 14:25:37,237 - qtpyvcp.plugins.status - DEBUG - JOINT_0 input: -0.000457763671875
2025-11-12 14:25:37,237 - qtpyvcp.plugins.status - DEBUG - JOINT_0 output: -0.000457763671875
2025-11-12 14:25:37,237 - qtpyvcp.plugins.status - DEBUG - JOINT_0 ferror_current: 7.62939453125e-05
2025-11-12 14:25:37,312 - qtpyvcp.plugins.status - DEBUG - JOINT_0 input: -0.00041961669921875
2025-11-12 14:25:37,312 - qtpyvcp.plugins.status - DEBUG - JOINT_0 output: -0.00041961669921875
2025-11-12 14:25:37,312 - qtpyvcp.plugins.status - DEBUG - JOINT_0 ferror_current: -7.62939453125e-05
2025-11-12 14:25:37,461 - qtpyvcp.plugins.status - DEBUG - JOINT_0 ferror_current: 0.0
2025-11-12 14:25:37,537 - qtpyvcp.plugins.status - DEBUG - JOINT_0 output: -0.000457763671875
2025-11-12 14:25:37,537 - qtpyvcp.plugins.status - DEBUG - JOINT_0 input: -0.000457763671875
2025-11-12 14:25:37,611 - qtpyvcp.plugins.status - DEBUG - JOINT_0 ferror_current: 3.814697265625e-05
2025-11-12 14:25:37,687 - qtpyvcp.plugins.status - DEBUG - JOINT_0 ferror_current: 0.0
2025-11-12 14:25:37,837 - qtpyvcp.plugins.status - DEBUG - JOINT_0 input: -0.00049591064453125
2025-11-12 14:25:37,837 - qtpyvcp.plugins.status - DEBUG - JOINT_0 output: -0.00049591064453125
2025-11-12 14:25:37,837 - qtpyvcp.plugins.status - DEBUG - JOINT_0 ferror_current: 7.62939453125e-05
2025-11-12 14:25:37,912 - qtpyvcp.plugins.status - DEBUG - JOINT_0 output: -0.000457763671875
2025-11-12 14:25:37,912 - qtpyvcp.plugins.status - DEBUG - JOINT_0 input: -0.000457763671875
2025-11-12 14:25:38,062 - qtpyvcp.plugins.status - DEBUG - JOINT_0 ferror_current: 3.814697265625e-05
2025-11-12 14:25:38,137 - qtpyvcp.plugins.status - DEBUG - JOINT_0 input: -0.0003814697265625
2025-11-12 14:25:38,137 - qtpyvcp.plugins.status - DEBUG - JOINT_0 output: -0.0003814697265625
2025-11-12 14:25:38,137 - qtpyvcp.plugins.status - DEBUG - JOINT_0 ferror_current: 0.0
2025-11-12 14:25:38,212 - qtpyvcp.plugins.status - DEBUG - JOINT_1 ferror_highmark: 0.9901809692382812
2025-11-12 14:25:38,219 - qtpyvcp.plugins.status - DEBUG - JOINT_1 input: 0.9902191162109375
2025-11-12 14:25:38,219 - qtpyvcp.plugins.status - DEBUG - JOINT_1 output: 0.9902191162109375
2025-11-12 14:25:38,219 - qtpyvcp.plugins.status - DEBUG - JOINT_1 ferror_current: -3.814697265625e-05
2025-11-12 14:25:38,287 - qtpyvcp.plugins.status - DEBUG - JOINT_0 input: -0.000457763671875
2025-11-12 14:25:38,287 - qtpyvcp.plugins.status - DEBUG - JOINT_0 output: -0.000457763671875
2025-11-12 14:25:38,287 - qtpyvcp.plugins.status - DEBUG - JOINT_0 ferror_current: 3.814697265625e-05
2025-11-12 14:25:38,287 - qtpyvcp.plugins.status - DEBUG - JOINT_1 input: 0.9901809692382812
2025-11-12 14:25:38,287 - qtpyvcp.plugins.status - DEBUG - JOINT_1 output: 0.9901809692382812
2025-11-12 14:25:38,287 - qtpyvcp.plugins.status - DEBUG - JOINT_1 ferror_current: 7.62939453125e-05
2025-11-12 14:25:38,362 - qtpyvcp.plugins.status - DEBUG - JOINT_0 input: -0.00041961669921875
2025-11-12 14:25:38,362 - qtpyvcp.plugins.status - DEBUG - JOINT_0 output: -0.00041961669921875
2025-11-12 14:25:38,362 - qtpyvcp.plugins.status - DEBUG - JOINT_0 ferror_current: 0.0
2025-11-12 14:25:38,362 - qtpyvcp.plugins.status - DEBUG - JOINT_1 input: 0.9902572631835938
2025-11-12 14:25:38,362 - qtpyvcp.plugins.status - DEBUG - JOINT_1 output: 0.9902572631835938
2025-11-12 14:25:38,362 - qtpyvcp.plugins.status - DEBUG - JOINT_1 ferror_current: 0.0
2025-11-12 14:25:38,436 - qtpyvcp.plugins.status - DEBUG - JOINT_0 input: -0.0003814697265625
2025-11-12 14:25:38,437 - qtpyvcp.plugins.status - DEBUG - JOINT_0 output: -0.0003814697265625
2025-11-12 14:25:38,437 - qtpyvcp.plugins.status - DEBUG - JOINT_0 ferror_current: -3.814697265625e-05
2025-11-12 14:25:38,437 - qtpyvcp.plugins.status - DEBUG - JOINT_1 input: 0.9902191162109375
2025-11-12 14:25:38,437 - qtpyvcp.plugins.status - DEBUG - JOINT_1 output: 0.9902191162109375
2025-11-12 14:25:38,437 - qtpyvcp.plugins.status - DEBUG - JOINT_1 ferror_current: -3.814697265625e-05
2025-11-12 14:25:38,512 - qtpyvcp.plugins.status - DEBUG - JOINT_0 input: -0.00041961669921875
2025-11-12 14:25:38,512 - qtpyvcp.plugins.status - DEBUG - JOINT_0 output: -0.00041961669921875
2025-11-12 14:25:38,512 - qtpyvcp.plugins.status - DEBUG - JOINT_0 ferror_current: 0.0
2025-11-12 14:25:38,512 - qtpyvcp.plugins.status - DEBUG - JOINT_1 input: 0.9901809692382812
2025-11-12 14:25:38,512 - qtpyvcp.plugins.status - DEBUG - JOINT_1 output: 0.9901809692382812
2025-11-12 14:25:38,512 - qtpyvcp.plugins.status - DEBUG - JOINT_1 ferror_current: 7.62939453125e-05
2025-11-12 14:25:38,587 - qtpyvcp.plugins.status - DEBUG - JOINT_1 input: 0.9902572631835938
2025-11-12 14:25:38,587 - qtpyvcp.plugins.status - DEBUG - JOINT_1 output: 0.9902572631835938
2025-11-12 14:25:38,587 - qtpyvcp.plugins.status - DEBUG - JOINT_1 ferror_current: -3.814697265625e-05
2025-11-12 14:25:38,662 - qtpyvcp.plugins.status - DEBUG - JOINT_0 output: -0.000457763671875
2025-11-12 14:25:38,662 - qtpyvcp.plugins.status - DEBUG - JOINT_0 input: -0.000457763671875
2025-11-12 14:25:38,663 - qtpyvcp.plugins.status - DEBUG - JOINT_1 output: 0.9902191162109375
2025-11-12 14:25:38,663 - qtpyvcp.plugins.status - DEBUG - JOINT_1 input: 0.9902191162109375
2025-11-12 14:25:38,737 - qtpyvcp.plugins.status - DEBUG - JOINT_0 input: -0.0003814697265625
2025-11-12 14:25:38,737 - qtpyvcp.plugins.status - DEBUG - JOINT_0 output: -0.0003814697265625
2025-11-12 14:25:38,738 - qtpyvcp.plugins.status - DEBUG - JOINT_0 ferror_current: -7.62939453125e-05
2025-11-12 14:25:38,738 - qtpyvcp.plugins.status - DEBUG - JOINT_1 input: 0.9902572631835938
2025-11-12 14:25:38,738 - qtpyvcp.plugins.status - DEBUG - JOINT_1 output: 0.9902572631835938
2025-11-12 14:25:38,738 - qtpyvcp.plugins.status - DEBUG - JOINT_1 ferror_current: 0.0
2025-11-12 14:25:38,812 - qtpyvcp.plugins.status - DEBUG - JOINT_0 input: -0.00041961669921875
2025-11-12 14:25:38,812 - qtpyvcp.plugins.status - DEBUG - JOINT_0 output: -0.00041961669921875
2025-11-12 14:25:38,812 - qtpyvcp.plugins.status - DEBUG - JOINT_0 ferror_current: 3.814697265625e-05
2025-11-12 14:25:38,812 - qtpyvcp.plugins.status - DEBUG - JOINT_1 output: 0.99029541015625
2025-11-12 14:25:38,812 - qtpyvcp.plugins.status - DEBUG - JOINT_1 input: 0.99029541015625
2025-11-12 14:25:38,887 - qtpyvcp.plugins.status - DEBUG - JOINT_0 output: -0.000457763671875
2025-11-12 14:25:38,887 - qtpyvcp.plugins.status - DEBUG - JOINT_0 input: -0.000457763671875
2025-11-12 14:25:38,887 - qtpyvcp.plugins.status - DEBUG - JOINT_1 output: 0.9902572631835938
2025-11-12 14:25:38,887 - qtpyvcp.plugins.status - DEBUG - JOINT_1 input: 0.9902572631835938
2025-11-12 14:25:38,962 - qtpyvcp.plugins.status - DEBUG - JOINT_0 ferror_current: 0.0
2025-11-12 14:25:38,962 - qtpyvcp.plugins.status - DEBUG - JOINT_1 output: 0.9901809692382812
2025-11-12 14:25:38,962 - qtpyvcp.plugins.status - DEBUG - JOINT_1 input: 0.9901809692382812
2025-11-12 14:25:38,962 - qtpyvcp.plugins.status - DEBUG - JOINT_2 ferror_highmark: 0.625152587890625
2025-11-12 14:25:38,962 - qtpyvcp.plugins.status - DEBUG - JOINT_2 output: 0.6251907348632812
2025-11-12 14:25:38,962 - qtpyvcp.plugins.status - DEBUG - JOINT_2 input: 0.6251907348632812
2025-11-12 14:25:39,036 - qtpyvcp.plugins.status - DEBUG - JOINT_0 input: -0.0003814697265625
2025-11-12 14:25:39,037 - qtpyvcp.plugins.status - DEBUG - JOINT_0 output: -0.0003814697265625
2025-11-12 14:25:39,037 - qtpyvcp.plugins.status - DEBUG - JOINT_0 ferror_current: -0.00011444091796875
2025-11-12 14:25:39,037 - qtpyvcp.plugins.status - DEBUG - JOINT_1 input: 0.9902572631835938
2025-11-12 14:25:39,037 - qtpyvcp.plugins.status - DEBUG - JOINT_1 output: 0.9902572631835938
2025-11-12 14:25:39,037 - qtpyvcp.plugins.status - DEBUG - JOINT_1 ferror_current: -3.814697265625e-05
2025-11-12 14:25:39,112 - qtpyvcp.plugins.status - DEBUG - JOINT_0 input: -0.00049591064453125
2025-11-12 14:25:39,112 - qtpyvcp.plugins.status - DEBUG - JOINT_0 output: -0.00049591064453125
2025-11-12 14:25:39,112 - qtpyvcp.plugins.status - DEBUG - JOINT_0 ferror_current: 3.814697265625e-05
2025-11-12 14:25:39,112 - qtpyvcp.plugins.status - DEBUG - JOINT_1 input: 0.9902191162109375
2025-11-12 14:25:39,112 - qtpyvcp.plugins.status - DEBUG - JOINT_1 output: 0.9902191162109375
2025-11-12 14:25:39,112 - qtpyvcp.plugins.status - DEBUG - JOINT_1 ferror_current: 0.0
2025-11-12 14:25:39,187 - qtpyvcp.plugins.status - DEBUG - JOINT_0 input: -0.000457763671875
2025-11-12 14:25:39,187 - qtpyvcp.plugins.status - DEBUG - JOINT_0 output: -0.000457763671875
2025-11-12 14:25:39,187 - qtpyvcp.plugins.status - DEBUG - JOINT_0 ferror_current: 0.0
2025-11-12 14:25:39,187 - qtpyvcp.plugins.status - DEBUG - JOINT_1 input: 0.9901809692382812
2025-11-12 14:25:39,187 - qtpyvcp.plugins.status - DEBUG - JOINT_1 output: 0.9901809692382812
2025-11-12 14:25:39,187 - qtpyvcp.plugins.status - DEBUG - JOINT_1 ferror_current: 7.62939453125e-05
2025-11-12 14:25:39,262 - qtpyvcp.plugins.status - DEBUG - JOINT_1 input: 0.9902191162109375
2025-11-12 14:25:39,262 - qtpyvcp.plugins.status - DEBUG - JOINT_1 output: 0.9902191162109375
2025-11-12 14:25:39,262 - qtpyvcp.plugins.status - DEBUG - JOINT_1 ferror_current: 0.0
2025-11-12 14:25:39,337 - qtpyvcp.plugins.status - DEBUG - JOINT_0 output: -0.00049591064453125
2025-11-12 14:25:39,337 - qtpyvcp.plugins.status - DEBUG - JOINT_0 input: -0.00049591064453125
2025-11-12 14:25:39,337 - qtpyvcp.plugins.status - DEBUG - JOINT_2 input: 0.625152587890625
2025-11-12 14:25:39,337 - qtpyvcp.plugins.status - DEBUG - JOINT_2 output: 0.625152587890625
2025-11-12 14:25:39,337 - qtpyvcp.plugins.status - DEBUG - JOINT_2 ferror_current: 3.814697265625e-05
2025-11-12 14:25:39,411 - qtpyvcp.plugins.status - DEBUG - JOINT_0 input: -0.000457763671875
2025-11-12 14:25:39,412 - qtpyvcp.plugins.status - DEBUG - JOINT_0 output: -0.000457763671875
2025-11-12 14:25:39,412 - qtpyvcp.plugins.status - DEBUG - JOINT_0 ferror_current: 3.814697265625e-05
2025-11-12 14:25:39,412 - qtpyvcp.plugins.status - DEBUG - JOINT_2 input: 0.6252288818359375
2025-11-12 14:25:39,412 - qtpyvcp.plugins.status - DEBUG - JOINT_2 output: 0.6252288818359375
2025-11-12 14:25:39,412 - qtpyvcp.plugins.status - DEBUG - JOINT_2 ferror_current: -3.814697265625e-05
2025-11-12 14:25:39,487 - qtpyvcp.plugins.status - DEBUG - JOINT_0 input: -0.0003814697265625
2025-11-12 14:25:39,488 - qtpyvcp.plugins.status - DEBUG - JOINT_0 output: -0.0003814697265625
2025-11-12 14:25:39,488 - qtpyvcp.plugins.status - DEBUG - JOINT_0 ferror_current: 0.0
2025-11-12 14:25:39,488 - qtpyvcp.plugins.status - DEBUG - JOINT_1 input: 0.9902572631835938
2025-11-12 14:25:39,488 - qtpyvcp.plugins.status - DEBUG - JOINT_1 output: 0.9902572631835938
2025-11-12 14:25:39,488 - qtpyvcp.plugins.status - DEBUG - JOINT_1 ferror_current: -7.62939453125e-05
2025-11-12 14:25:39,488 - qtpyvcp.plugins.status - DEBUG - JOINT_2 ferror_current: 3.814697265625e-05
2025-11-12 14:25:39,562 - qtpyvcp.plugins.status - DEBUG - JOINT_0 input: -0.00041961669921875
2025-11-12 14:25:39,562 - qtpyvcp.plugins.status - DEBUG - JOINT_0 output: -0.00041961669921875
2025-11-12 14:25:39,562 - qtpyvcp.plugins.status - DEBUG - JOINT_0 ferror_current: -3.814697265625e-05
2025-11-12 14:25:39,562 - qtpyvcp.plugins.status - DEBUG - JOINT_2 ferror_current: 0.0
2025-11-12 14:25:39,637 - qtpyvcp.plugins.status - DEBUG - JOINT_0 input: -0.0003814697265625
2025-11-12 14:25:39,637 - qtpyvcp.plugins.status - DEBUG - JOINT_0 output: -0.0003814697265625
2025-11-12 14:25:39,637 - qtpyvcp.plugins.status - DEBUG - JOINT_0 ferror_current: 0.0
2025-11-12 14:25:39,637 - qtpyvcp.plugins.status - DEBUG - JOINT_2 input: 0.6251907348632812
2025-11-12 14:25:39,637 - qtpyvcp.plugins.status - DEBUG - JOINT_2 output: 0.6251907348632812
2025-11-12 14:25:39,637 - qtpyvcp.plugins.status - DEBUG - JOINT_2 ferror_current: 3.814697265625e-05
2025-11-12 14:25:39,712 - qtpyvcp.plugins.status - DEBUG - JOINT_0 input: -0.00041961669921875
2025-11-12 14:25:39,712 - qtpyvcp.plugins.status - DEBUG - JOINT_0 output: -0.00041961669921875
2025-11-12 14:25:39,712 - qtpyvcp.plugins.status - DEBUG - JOINT_0 ferror_current: 3.814697265625e-05
2025-11-12 14:25:39,712 - qtpyvcp.plugins.status - DEBUG - JOINT_2 output: 0.625152587890625
2025-11-12 14:25:39,712 - qtpyvcp.plugins.status - DEBUG - JOINT_2 input: 0.625152587890625
2025-11-12 14:25:39,787 - qtpyvcp.plugins.status - DEBUG - JOINT_0 ferror_current: 0.0
2025-11-12 14:25:39,787 - qtpyvcp.plugins.status - DEBUG - JOINT_1 input: 0.9902191162109375
2025-11-12 14:25:39,787 - qtpyvcp.plugins.status - DEBUG - JOINT_1 output: 0.9902191162109375
2025-11-12 14:25:39,787 - qtpyvcp.plugins.status - DEBUG - JOINT_1 ferror_current: 0.0
2025-11-12 14:25:39,787 - qtpyvcp.plugins.status - DEBUG - JOINT_2 input: 0.6252288818359375
2025-11-12 14:25:39,787 - qtpyvcp.plugins.status - DEBUG - JOINT_2 output: 0.6252288818359375
2025-11-12 14:25:39,787 - qtpyvcp.plugins.status - DEBUG - JOINT_2 ferror_current: -3.814697265625e-05
2025-11-12 14:25:39,862 - qtpyvcp.plugins.status - DEBUG - JOINT_0 input: -0.00049591064453125
2025-11-12 14:25:39,862 - qtpyvcp.plugins.status - DEBUG - JOINT_0 output: -0.00049591064453125
2025-11-12 14:25:39,862 - qtpyvcp.plugins.status - DEBUG - JOINT_0 ferror_current: 3.814697265625e-05
2025-11-12 14:25:39,862 - qtpyvcp.plugins.status - DEBUG - JOINT_1 ferror_current: -3.814697265625e-05
2025-11-12 14:25:39,937 - qtpyvcp.plugins.status - DEBUG - JOINT_0 input: -0.000457763671875
2025-11-12 14:25:39,937 - qtpyvcp.plugins.status - DEBUG - JOINT_0 output: -0.000457763671875
2025-11-12 14:25:39,937 - qtpyvcp.plugins.status - DEBUG - JOINT_0 ferror_current: -3.814697265625e-05
2025-11-12 14:25:39,937 - qtpyvcp.plugins.status - DEBUG - JOINT_1 output: 0.9902572631835938
2025-11-12 14:25:39,937 - qtpyvcp.plugins.status - DEBUG - JOINT_1 input: 0.9902572631835938
2025-11-12 14:25:39,937 - qtpyvcp.plugins.status - DEBUG - JOINT_2 input: 0.625152587890625
2025-11-12 14:25:39,937 - qtpyvcp.plugins.status - DEBUG - JOINT_2 output: 0.625152587890625
2025-11-12 14:25:39,937 - qtpyvcp.plugins.status - DEBUG - JOINT_2 ferror_current: 7.62939453125e-05
2025-11-12 14:25:40,012 - qtpyvcp.plugins.status - DEBUG - JOINT_0 output: -0.0003814697265625
2025-11-12 14:25:40,012 - qtpyvcp.plugins.status - DEBUG - JOINT_0 input: -0.0003814697265625
2025-11-12 14:25:40,012 - qtpyvcp.plugins.status - DEBUG - JOINT_1 input: 0.9901809692382812
2025-11-12 14:25:40,012 - qtpyvcp.plugins.status - DEBUG - JOINT_1 output: 0.9901809692382812
2025-11-12 14:25:40,012 - qtpyvcp.plugins.status - DEBUG - JOINT_1 ferror_current: 0.0
2025-11-12 14:25:40,012 - qtpyvcp.plugins.status - DEBUG - JOINT_2 input: 0.6252288818359375
2025-11-12 14:25:40,012 - qtpyvcp.plugins.status - DEBUG - JOINT_2 output: 0.6252288818359375
2025-11-12 14:25:40,012 - qtpyvcp.plugins.status - DEBUG - JOINT_2 ferror_current: 0.0
2025-11-12 14:25:40,087 - qtpyvcp.plugins.status - DEBUG - JOINT_0 input: -0.000457763671875
2025-11-12 14:25:40,087 - qtpyvcp.plugins.status - DEBUG - JOINT_0 output: -0.000457763671875
2025-11-12 14:25:40,087 - qtpyvcp.plugins.status - DEBUG - JOINT_0 ferror_current: 3.814697265625e-05
2025-11-12 14:25:40,087 - qtpyvcp.plugins.status - DEBUG - JOINT_1 output: 0.9902191162109375
2025-11-12 14:25:40,087 - qtpyvcp.plugins.status - DEBUG - JOINT_1 input: 0.9902191162109375
2025-11-12 14:25:40,087 - qtpyvcp.plugins.status - DEBUG - JOINT_2 input: 0.6252670288085938
2025-11-12 14:25:40,087 - qtpyvcp.plugins.status - DEBUG - JOINT_2 output: 0.6252670288085938
2025-11-12 14:25:40,087 - qtpyvcp.plugins.status - DEBUG - JOINT_2 ferror_current: -7.62939453125e-05
2025-11-12 14:25:40,162 - qtpyvcp.plugins.status - DEBUG - JOINT_0 input: -0.00049591064453125
2025-11-12 14:25:40,162 - qtpyvcp.plugins.status - DEBUG - JOINT_0 output: -0.00049591064453125
2025-11-12 14:25:40,162 - qtpyvcp.plugins.status - DEBUG - JOINT_0 ferror_current: 7.62939453125e-05
2025-11-12 14:25:40,162 - qtpyvcp.plugins.status - DEBUG - JOINT_1 ferror_current: 3.814697265625e-05
2025-11-12 14:25:40,162 - qtpyvcp.plugins.status - DEBUG - JOINT_2 input: 0.6251907348632812
2025-11-12 14:25:40,162 - qtpyvcp.plugins.status - DEBUG - JOINT_2 output: 0.6251907348632812
2025-11-12 14:25:40,162 - qtpyvcp.plugins.status - DEBUG - JOINT_2 ferror_current: 7.62939453125e-05
2025-11-12 14:25:40,237 - qtpyvcp.plugins.status - DEBUG - JOINT_0 input: -0.00041961669921875
2025-11-12 14:25:40,237 - qtpyvcp.plugins.status - DEBUG - JOINT_0 output: -0.00041961669921875
2025-11-12 14:25:40,237 - qtpyvcp.plugins.status - DEBUG - JOINT_0 ferror_current: 0.0
2025-11-12 14:25:40,237 - qtpyvcp.plugins.status - DEBUG - JOINT_1 input: 0.9901809692382812
2025-11-12 14:25:40,237 - qtpyvcp.plugins.status - DEBUG - JOINT_1 output: 0.9901809692382812
2025-11-12 14:25:40,237 - qtpyvcp.plugins.status - DEBUG - JOINT_1 ferror_current: 0.0
2025-11-12 14:25:40,237 - qtpyvcp.plugins.status - DEBUG - JOINT_2 ferror_current: 3.814697265625e-05
2025-11-12 14:25:40,311 - qtpyvcp.plugins.status - DEBUG - JOINT_0 ferror_current: 3.814697265625e-05
2025-11-12 14:25:40,311 - qtpyvcp.plugins.status - DEBUG - JOINT_1 ferror_current: 3.814697265625e-05
2025-11-12 14:25:40,311 - qtpyvcp.plugins.status - DEBUG - JOINT_2 ferror_current: 0.0
2025-11-12 14:25:40,387 - qtpyvcp.plugins.status - DEBUG - JOINT_0 output: -0.000457763671875
2025-11-12 14:25:40,387 - qtpyvcp.plugins.status - DEBUG - JOINT_0 input: -0.000457763671875
2025-11-12 14:25:40,387 - qtpyvcp.plugins.status - DEBUG - JOINT_1 input: 0.9902572631835938
2025-11-12 14:25:40,387 - qtpyvcp.plugins.status - DEBUG - JOINT_1 output: 0.9902572631835938
2025-11-12 14:25:40,387 - qtpyvcp.plugins.status - DEBUG - JOINT_1 ferror_current: -7.62939453125e-05
2025-11-12 14:25:40,387 - qtpyvcp.plugins.status - DEBUG - JOINT_2 ferror_current: 3.814697265625e-05
2025-11-12 14:25:40,462 - qtpyvcp.plugins.status - DEBUG - JOINT_0 input: -0.00041961669921875
2025-11-12 14:25:40,462 - qtpyvcp.plugins.status - DEBUG - JOINT_0 output: -0.00041961669921875
2025-11-12 14:25:40,462 - qtpyvcp.plugins.status - DEBUG - JOINT_0 ferror_current: -3.814697265625e-05
2025-11-12 14:25:40,463 - qtpyvcp.plugins.status - DEBUG - JOINT_2 input: 0.6252288818359375
2025-11-12 14:25:40,463 - qtpyvcp.plugins.status - DEBUG - JOINT_2 output: 0.6252288818359375
2025-11-12 14:25:40,463 - qtpyvcp.plugins.status - DEBUG - JOINT_2 ferror_current: 0.0
2025-11-12 14:25:40,508 - qtpyvcp - DEBUG - Terminating widgets
2025-11-12 14:25:40,512 - qtpyvcp.plugins - DEBUG - Terminating 'gcode_properties' plugin
2025-11-12 14:25:40,512 - qtpyvcp.plugins - DEBUG - Terminating 'virtual_input' plugin
2025-11-12 14:25:40,512 - qtpyvcp.plugins - DEBUG - Terminating 'exportedhal' plugin
2025-11-12 14:25:40,512 - qtpyvcp.plugins - DEBUG - Terminating 'file_locations' plugin
2025-11-12 14:25:40,513 - qtpyvcp.plugins - DEBUG - Terminating 'notifications' plugin
2025-11-12 14:25:40,513 - qtpyvcp.plugins - DEBUG - Terminating 'offsettable' plugin
2025-11-12 14:25:40,513 - qtpyvcp.plugins - DEBUG - Terminating 'tooltable' plugin
2025-11-12 14:25:40,513 - qtpyvcp.plugins - DEBUG - Terminating 'position' plugin
2025-11-12 14:25:40,513 - qtpyvcp.plugins - DEBUG - Terminating 'settings' plugin
2025-11-12 14:25:40,513 - qtpyvcp.plugins - DEBUG - Terminating 'persistent_data_manager' plugin
2025-11-12 14:25:40,513 - qtpyvcp.plugins.persistent_data_manager - DEBUG - Writing persistent data to file: /home/kai/linuxcnc/configs/probe_basic/.vcp_persistent_data.pickle
2025-11-12 14:25:40,514 - qtpyvcp.plugins - DEBUG - Terminating 'status' plugin
